2015-10-24 00:07:24 -  - exec CUpdateClient::GetUpdatesList
2015-10-24 00:07:24 -  - exec CUpdateClient::CollectRequestData
2015-10-24 00:07:24 -  - LICENSE_KEY=X&lang=ru&SUPD_VER=15.5.1&VERSION=15.5.8&TYPENC=D&SUPD_STS=1&SUPD_URS=0&SUPD_URSA=1&SUPD_DBS=MYSQL&XE=N&CLIENT_SITE=www.zuweb.ru&CHHB=www.zuweb.ru&CSAB=37.140.192.194&CANGZIP=Y&CLIENT_PHPVER=5.6.7&stable=Y&rerere=Y&bitm_main=15.5.8&bitm_iblock=15.5.8&bitm_socialservices=15.5.1&bitm_perfmon=15.5.1&bitm_search=15.5.1&bitm_compression=14.0.0&bitm_bitrixcloud=15.5.0&bitm_seo=15.5.4&bitm_fileman=15.5.2&bitm_translate=14.0.0&bitm_highloadblock=15.0.4&bitm_clouds=15.5.1&bitl_ru=&bitl_en=&bith_ru=&bith_en=&SUPD_SRS=RU&SUPD_CMP=N&SALE_15=Y
2015-10-24 00:07:24 -  - exec CUpdateClient::GetHTTPPage
2015-10-24 00:07:24 -  - TIME GetUpdatesList(request) 0.382 sec
2015-10-24 00:07:24 -  - exec CUpdateClient::ParseServerData
2015-10-24 00:07:27 -  - exec CUpdateClient::GetUpdatesList
2015-10-24 00:07:27 -  - exec CUpdateClient::CollectRequestData
2015-10-24 00:07:27 -  - LICENSE_KEY=X&lang=ru&SUPD_VER=15.5.1&VERSION=15.5.8&TYPENC=D&SUPD_STS=1&SUPD_URS=0&SUPD_URSA=1&SUPD_DBS=MYSQL&XE=N&CLIENT_SITE=www.zuweb.ru&CHHB=www.zuweb.ru&CSAB=37.140.192.194&CANGZIP=Y&CLIENT_PHPVER=5.6.7&stable=Y&rerere=Y&bitm_main=15.5.8&bitm_iblock=15.5.8&bitm_socialservices=15.5.1&bitm_perfmon=15.5.1&bitm_search=15.5.1&bitm_compression=14.0.0&bitm_bitrixcloud=15.5.0&bitm_seo=15.5.4&bitm_fileman=15.5.2&bitm_translate=14.0.0&bitm_highloadblock=15.0.4&bitm_clouds=15.5.1&bitl_ru=&bitl_en=&bith_ru=&bith_en=&SUPD_SRS=RU&SUPD_CMP=N&SALE_15=Y
2015-10-24 00:07:27 -  - exec CUpdateClient::GetHTTPPage
2015-10-24 00:07:27 -  - TIME GetUpdatesList(request) 0.224 sec
2015-10-24 00:07:27 -  - exec CUpdateClient::ParseServerData
2015-10-24 00:07:36 -  - exec CUpdateClient::LoadModulesUpdates
2015-10-24 00:07:36 -  - exec CUpdateClient::CollectRequestData
2015-10-24 00:07:36 -  - LICENSE_KEY=X&lang=ru&SUPD_VER=15.5.1&VERSION=15.5.8&TYPENC=D&SUPD_STS=1&SUPD_URS=0&SUPD_URSA=1&SUPD_DBS=MYSQL&XE=N&CLIENT_SITE=www.zuweb.ru&CHHB=www.zuweb.ru&CSAB=37.140.192.194&CANGZIP=Y&CLIENT_PHPVER=5.6.7&stable=Y&rerere=Y&bitm_main=15.5.8&bitm_iblock=15.5.8&bitm_socialservices=15.5.1&bitm_perfmon=15.5.1&bitm_search=15.5.1&bitm_compression=14.0.0&bitm_bitrixcloud=15.5.0&bitm_seo=15.5.4&bitm_fileman=15.5.2&bitm_translate=14.0.0&bitm_highloadblock=15.0.4&bitm_clouds=15.5.1&bitl_ru=&bitl_en=&bith_ru=&bith_en=&requested_modules=seo%2Csocialservices%2Chighloadblock%2Cscale&SUPD_SRS=RU&SUPD_CMP=N&SALE_15=Y
2015-10-24 00:07:36 -  - exec CUpdateClient::GetHTTPPage
2015-10-24 00:07:36 -  - TIME LoadModulesUpdates(request) 0.2 sec
2015-10-24 00:07:36 -  - exec CUpdateClient::ParseServerData
2015-10-24 00:07:36 - LMU01 - LoadModulesUpdates-Step
2015-10-24 00:07:36 -  - exec CUpdateClient::LoadModulesUpdates
2015-10-24 00:07:36 -  - exec CUpdateClient::CollectRequestData
2015-10-24 00:07:36 -  - exec CUpdateClient::ParseServerData
2015-10-24 00:07:37 - DOWNLOAD - Time - 0.2742600440979 sec
2015-10-24 00:07:37 -  - exec CUpdateClient::UnGzipArchive
2015-10-24 00:07:37 -  - TIME UnGzipArchive 0.003 sec
2015-10-24 00:07:37 -  - TIME UpdateStepModules 0.003 sec
2015-10-24 00:07:37 - UPD_SUCCESS - Updated: seo (15.5.5)<br><li>Исправлено подтверждение прав на сайт в Яндекс.Вебмастер. <li>Исправлены интерфейсные ошибки. 
2015-10-24 00:07:37 -  - exec CUpdateClient::LoadModulesUpdates
2015-10-24 00:07:37 -  - exec CUpdateClient::CollectRequestData
2015-10-24 00:07:37 -  - LICENSE_KEY=X&lang=ru&SUPD_VER=15.5.1&VERSION=15.5.8&TYPENC=D&SUPD_STS=1&SUPD_URS=0&SUPD_URSA=1&SUPD_DBS=MYSQL&XE=N&CLIENT_SITE=www.zuweb.ru&CHHB=www.zuweb.ru&CSAB=37.140.192.194&CANGZIP=Y&CLIENT_PHPVER=5.6.7&stable=Y&rerere=Y&bitm_main=15.5.8&bitm_iblock=15.5.8&bitm_socialservices=15.5.1&bitm_perfmon=15.5.1&bitm_search=15.5.1&bitm_compression=14.0.0&bitm_bitrixcloud=15.5.0&bitm_seo=15.5.5&bitm_fileman=15.5.2&bitm_translate=14.0.0&bitm_highloadblock=15.0.4&bitm_clouds=15.5.1&bitl_ru=&bitl_en=&bith_ru=&bith_en=&requested_modules=seo%2Csocialservices%2Chighloadblock%2Cscale&SUPD_SRS=RU&SUPD_CMP=N&SALE_15=Y
2015-10-24 00:07:37 -  - exec CUpdateClient::GetHTTPPage
2015-10-24 00:07:37 -  - TIME LoadModulesUpdates(request) 0.241 sec
2015-10-24 00:07:37 -  - exec CUpdateClient::ParseServerData
2015-10-24 00:07:37 - LMU01 - LoadModulesUpdates-Step
2015-10-24 00:07:37 -  - exec CUpdateClient::LoadModulesUpdates
2015-10-24 00:07:37 -  - exec CUpdateClient::CollectRequestData
2015-10-24 00:07:37 -  - exec CUpdateClient::ParseServerData
2015-10-24 00:07:38 - DOWNLOAD - Time - 0.26322388648987 sec
2015-10-24 00:07:38 -  - exec CUpdateClient::UnGzipArchive
2015-10-24 00:07:38 -  - TIME UnGzipArchive 0.007 sec
2015-10-24 00:07:38 - CSURUS1 - Run updater '/bitrix/updates/update_m1445630858/socialservices/updater15.5.2.php'
2015-10-24 00:07:38 - CRUPDCF1 - Run updater '/bitrix/updates/update_m1445630858/socialservices/updater15.5.2.php': CopyFiles(install/components, components)
2015-10-24 00:07:38 - CRUPDCF1 - Run updater '/bitrix/updates/update_m1445630858/socialservices/updater15.5.2.php': CopyFiles(install/gadgets, gadgets)
2015-10-24 00:07:38 -  - TIME UpdateStepModules 0.013 sec
2015-10-24 00:07:38 - UPD_SUCCESS - Updated: socialservices (15.5.2)<br><li>Усилена безопасность модуля. <li>Обновлен класс работы с авторизацией Битрикс24.
2015-10-24 00:07:38 -  - exec CUpdateClient::LoadModulesUpdates
2015-10-24 00:07:38 -  - exec CUpdateClient::CollectRequestData
2015-10-24 00:07:38 -  - LICENSE_KEY=X&lang=ru&SUPD_VER=15.5.1&VERSION=15.5.8&TYPENC=D&SUPD_STS=1&SUPD_URS=0&SUPD_URSA=1&SUPD_DBS=MYSQL&XE=N&CLIENT_SITE=www.zuweb.ru&CHHB=www.zuweb.ru&CSAB=37.140.192.194&CANGZIP=Y&CLIENT_PHPVER=5.6.7&stable=Y&rerere=Y&bitm_main=15.5.8&bitm_iblock=15.5.8&bitm_socialservices=15.5.2&bitm_perfmon=15.5.1&bitm_search=15.5.1&bitm_compression=14.0.0&bitm_bitrixcloud=15.5.0&bitm_seo=15.5.5&bitm_fileman=15.5.2&bitm_translate=14.0.0&bitm_highloadblock=15.0.4&bitm_clouds=15.5.1&bitl_ru=&bitl_en=&bith_ru=&bith_en=&requested_modules=seo%2Csocialservices%2Chighloadblock%2Cscale&SUPD_SRS=RU&SUPD_CMP=N&SALE_15=Y
2015-10-24 00:07:38 -  - exec CUpdateClient::GetHTTPPage
2015-10-24 00:07:38 -  - TIME LoadModulesUpdates(request) 0.204 sec
2015-10-24 00:07:38 -  - exec CUpdateClient::ParseServerData
2015-10-24 00:07:38 - LMU01 - LoadModulesUpdates-Step
2015-10-24 00:07:38 -  - exec CUpdateClient::LoadModulesUpdates
2015-10-24 00:07:38 -  - exec CUpdateClient::CollectRequestData
2015-10-24 00:07:38 -  - exec CUpdateClient::ParseServerData
2015-10-24 00:07:38 - DOWNLOAD - Time - 0.20302891731262 sec
2015-10-24 00:07:38 -  - exec CUpdateClient::UnGzipArchive
2015-10-24 00:07:38 -  - TIME UnGzipArchive 0.003 sec
2015-10-24 00:07:38 -  - TIME UpdateStepModules 0.004 sec
2015-10-24 00:07:38 - UPD_SUCCESS - Updated: highloadblock (15.5.0)<br><li>Исправлен ряд ошибок.
2015-10-24 00:07:39 -  - exec CUpdateClient::LoadModulesUpdates
2015-10-24 00:07:39 -  - exec CUpdateClient::CollectRequestData
2015-10-24 00:07:39 -  - LICENSE_KEY=X&lang=ru&SUPD_VER=15.5.1&VERSION=15.5.8&TYPENC=D&SUPD_STS=1&SUPD_URS=0&SUPD_URSA=1&SUPD_DBS=MYSQL&XE=N&CLIENT_SITE=www.zuweb.ru&CHHB=www.zuweb.ru&CSAB=37.140.192.194&CANGZIP=Y&CLIENT_PHPVER=5.6.7&stable=Y&rerere=Y&bitm_main=15.5.8&bitm_iblock=15.5.8&bitm_socialservices=15.5.2&bitm_perfmon=15.5.1&bitm_search=15.5.1&bitm_compression=14.0.0&bitm_bitrixcloud=15.5.0&bitm_seo=15.5.5&bitm_fileman=15.5.2&bitm_translate=14.0.0&bitm_highloadblock=15.5.0&bitm_clouds=15.5.1&bitl_ru=&bitl_en=&bith_ru=&bith_en=&requested_modules=seo%2Csocialservices%2Chighloadblock%2Cscale&SUPD_SRS=RU&SUPD_CMP=N&SALE_15=Y
2015-10-24 00:07:39 -  - exec CUpdateClient::GetHTTPPage
2015-10-24 00:07:39 -  - TIME LoadModulesUpdates(request) 0.197 sec
2015-10-24 00:07:39 -  - exec CUpdateClient::ParseServerData
2015-10-24 00:07:39 - LMU01 - LoadModulesUpdates-Step
2015-10-24 00:07:39 -  - exec CUpdateClient::LoadModulesUpdates
2015-10-24 00:07:39 -  - exec CUpdateClient::CollectRequestData
2015-10-24 00:07:39 -  - exec CUpdateClient::ParseServerData
2015-10-24 00:07:39 - DOWNLOAD - Time - 0.32465100288391 sec
2015-10-24 00:07:39 -  - exec CUpdateClient::UnGzipArchive
2015-10-24 00:07:39 -  - TIME UnGzipArchive 0.016 sec
2015-10-24 00:07:39 -  - TIME UpdateStepModules 0.02 sec
2015-10-24 00:07:39 - UPD_SUCCESS - Updated: scale ()
2015-10-24 00:07:40 -  - exec CUpdateClient::LoadModulesUpdates
2015-10-24 00:07:40 -  - exec CUpdateClient::CollectRequestData
2015-10-24 00:07:40 -  - LICENSE_KEY=X&lang=ru&SUPD_VER=15.5.1&VERSION=15.5.8&TYPENC=D&SUPD_STS=1&SUPD_URS=0&SUPD_URSA=1&SUPD_DBS=MYSQL&XE=N&CLIENT_SITE=www.zuweb.ru&CHHB=www.zuweb.ru&CSAB=37.140.192.194&CANGZIP=Y&CLIENT_PHPVER=5.6.7&stable=Y&rerere=Y&bitm_main=15.5.8&bitm_iblock=15.5.8&bitm_socialservices=15.5.2&bitm_perfmon=15.5.1&bitm_search=15.5.1&bitm_compression=14.0.0&bitm_bitrixcloud=15.5.0&bitm_seo=15.5.5&bitm_scale=14.5.0&bitm_fileman=15.5.2&bitm_translate=14.0.0&bitm_highloadblock=15.5.0&bitm_clouds=15.5.1&bitl_ru=&bitl_en=&bith_ru=&bith_en=&requested_modules=seo%2Csocialservices%2Chighloadblock%2Cscale&SUPD_SRS=RU&SUPD_CMP=N&SALE_15=Y
2015-10-24 00:07:40 -  - exec CUpdateClient::GetHTTPPage
2015-10-24 00:07:40 -  - TIME LoadModulesUpdates(request) 0.196 sec
2015-10-24 00:07:40 -  - exec CUpdateClient::ParseServerData
2015-10-24 00:07:40 - LMU01 - LoadModulesUpdates-Step
2015-10-24 00:07:40 -  - exec CUpdateClient::LoadModulesUpdates
2015-10-24 00:07:40 -  - exec CUpdateClient::CollectRequestData
2015-10-24 00:07:40 -  - exec CUpdateClient::ParseServerData
2015-10-24 00:07:40 - DOWNLOAD - Time - 0.32536101341248 sec
2015-10-24 00:07:40 -  - exec CUpdateClient::UnGzipArchive
2015-10-24 00:07:40 -  - TIME UnGzipArchive 0.02 sec
2015-10-24 00:07:40 - CSURUS1 - Run updater '/bitrix/updates/update_m1445630860/scale/updater14.5.1.php'
2015-10-24 00:07:40 -  - TIME UpdateStepModules 0.015 sec
2015-10-24 00:07:40 - UPD_SUCCESS - Updated: scale (14.5.1)<br><li>Добавлена проверка типа базы. <li>Добавлена возможность выводить время до окончания действия. <li>Добавлена роль Apache. <li>Добавлена возможность двухшаговой генерации действий. <li>Добавлена возможность модифицировать действия, запрашивать параметры у пользователя в случае необходимости. <li>Добавлено окно подтверждения при действиях с БД, если есть базы, кроме базы текущего сайта. <li>Добавлена роль Sphinx. <li>Добавлено предупреждение, если в данный момент уже есть запущеное действие. <li>Исправлены незначительные ошибки. 
2015-10-24 00:07:41 -  - exec CUpdateClient::LoadModulesUpdates
2015-10-24 00:07:41 -  - exec CUpdateClient::CollectRequestData
2015-10-24 00:07:41 -  - LICENSE_KEY=X&lang=ru&SUPD_VER=15.5.1&VERSION=15.5.8&TYPENC=D&SUPD_STS=1&SUPD_URS=0&SUPD_URSA=1&SUPD_DBS=MYSQL&XE=N&CLIENT_SITE=www.zuweb.ru&CHHB=www.zuweb.ru&CSAB=37.140.192.194&CANGZIP=Y&CLIENT_PHPVER=5.6.7&stable=Y&rerere=Y&bitm_main=15.5.8&bitm_iblock=15.5.8&bitm_socialservices=15.5.2&bitm_perfmon=15.5.1&bitm_search=15.5.1&bitm_compression=14.0.0&bitm_bitrixcloud=15.5.0&bitm_seo=15.5.5&bitm_scale=14.5.1&bitm_fileman=15.5.2&bitm_translate=14.0.0&bitm_highloadblock=15.5.0&bitm_clouds=15.5.1&bitl_ru=&bitl_en=&bith_ru=&bith_en=&requested_modules=seo%2Csocialservices%2Chighloadblock%2Cscale&SUPD_SRS=RU&SUPD_CMP=N&SALE_15=Y
2015-10-24 00:07:41 -  - exec CUpdateClient::GetHTTPPage
2015-10-24 00:07:41 -  - TIME LoadModulesUpdates(request) 0.197 sec
2015-10-24 00:07:41 -  - exec CUpdateClient::ParseServerData
2015-10-24 00:07:41 - LMU01 - LoadModulesUpdates-Step
2015-10-24 00:07:41 -  - exec CUpdateClient::LoadModulesUpdates
2015-10-24 00:07:41 -  - exec CUpdateClient::CollectRequestData
2015-10-24 00:07:41 -  - exec CUpdateClient::ParseServerData
2015-10-24 00:07:41 - DOWNLOAD - Time - 0.32586884498596 sec
2015-10-24 00:07:41 -  - exec CUpdateClient::UnGzipArchive
2015-10-24 00:07:41 -  - TIME UnGzipArchive 0.014 sec
2015-10-24 00:07:41 - CSURUS1 - Run updater '/bitrix/updates/update_m1445630861/scale/updater14.5.2.php'
2015-10-24 00:07:41 -  - TIME UpdateStepModules 0.017 sec
2015-10-24 00:07:41 - UPD_SUCCESS - Updated: scale (14.5.2)<br><li>Добавлена возможность работы с провайдерами VPS. <li>Добавлены графики, градусники для ролей memcached, sphinx. <li>Исправлены незначительные ошибки.
2015-10-24 00:07:42 -  - exec CUpdateClient::LoadModulesUpdates
2015-10-24 00:07:42 -  - exec CUpdateClient::CollectRequestData
2015-10-24 00:07:42 -  - LICENSE_KEY=X&lang=ru&SUPD_VER=15.5.1&VERSION=15.5.8&TYPENC=D&SUPD_STS=1&SUPD_URS=0&SUPD_URSA=1&SUPD_DBS=MYSQL&XE=N&CLIENT_SITE=www.zuweb.ru&CHHB=www.zuweb.ru&CSAB=37.140.192.194&CANGZIP=Y&CLIENT_PHPVER=5.6.7&stable=Y&rerere=Y&bitm_main=15.5.8&bitm_iblock=15.5.8&bitm_socialservices=15.5.2&bitm_perfmon=15.5.1&bitm_search=15.5.1&bitm_compression=14.0.0&bitm_bitrixcloud=15.5.0&bitm_seo=15.5.5&bitm_scale=14.5.2&bitm_fileman=15.5.2&bitm_translate=14.0.0&bitm_highloadblock=15.5.0&bitm_clouds=15.5.1&bitl_ru=&bitl_en=&bith_ru=&bith_en=&requested_modules=seo%2Csocialservices%2Chighloadblock%2Cscale&SUPD_SRS=RU&SUPD_CMP=N&SALE_15=Y
2015-10-24 00:07:42 -  - exec CUpdateClient::GetHTTPPage
2015-10-24 00:07:42 -  - TIME LoadModulesUpdates(request) 0.228 sec
2015-10-24 00:07:42 -  - exec CUpdateClient::ParseServerData
2015-10-24 00:07:42 - STEP - Finish - NOUPDATES
2015-10-24 00:07:42 - STEP - Finish - NOUPDATES
2015-10-24 00:07:45 -  - exec CUpdateClient::GetUpdatesList
2015-10-24 00:07:45 -  - exec CUpdateClient::CollectRequestData
2015-10-24 00:07:45 -  - LICENSE_KEY=X&lang=ru&SUPD_VER=15.5.1&VERSION=15.5.8&TYPENC=D&SUPD_STS=1&SUPD_URS=0&SUPD_URSA=1&SUPD_DBS=MYSQL&XE=N&CLIENT_SITE=www.zuweb.ru&CHHB=www.zuweb.ru&CSAB=37.140.192.194&CANGZIP=Y&CLIENT_PHPVER=5.6.7&stable=Y&rerere=Y&bitm_main=15.5.8&bitm_iblock=15.5.8&bitm_socialservices=15.5.2&bitm_perfmon=15.5.1&bitm_search=15.5.1&bitm_compression=14.0.0&bitm_bitrixcloud=15.5.0&bitm_seo=15.5.5&bitm_scale=14.5.2&bitm_fileman=15.5.2&bitm_translate=14.0.0&bitm_highloadblock=15.5.0&bitm_clouds=15.5.1&bitl_ru=&bitl_en=&bith_ru=&bith_en=&SUPD_SRS=RU&SUPD_CMP=N&SALE_15=Y
2015-10-24 00:07:45 -  - exec CUpdateClient::GetHTTPPage
2015-10-24 00:07:45 -  - TIME GetUpdatesList(request) 0.216 sec
2015-10-24 00:07:45 -  - exec CUpdateClient::ParseServerData
2015-10-24 00:08:54 -  - exec CUpdateClient::GetUpdatesList
2015-10-24 00:08:54 -  - exec CUpdateClient::CollectRequestData
2015-10-24 00:08:54 -  - LICENSE_KEY=X&lang=ru&SUPD_VER=15.5.1&VERSION=15.5.8&TYPENC=D&SUPD_STS=1&SUPD_URS=0&SUPD_URSA=1&SUPD_DBS=MYSQL&XE=N&CLIENT_SITE=www.zuweb.ru&CHHB=www.zuweb.ru&CSAB=37.140.192.194&CANGZIP=Y&CLIENT_PHPVER=5.6.7&stable=Y&rerere=Y&bitm_main=15.5.8&bitm_iblock=15.5.8&bitm_socialservices=15.5.2&bitm_perfmon=15.5.1&bitm_search=15.5.1&bitm_compression=14.0.0&bitm_bitrixcloud=15.5.0&bitm_seo=15.5.5&bitm_scale=14.5.2&bitm_fileman=15.5.2&bitm_translate=14.0.0&bitm_highloadblock=15.5.0&bitm_clouds=15.5.1&bitl_ru=&bitl_en=&bith_ru=&bith_en=&SUPD_SRS=RU&SUPD_CMP=N&SALE_15=Y
2015-10-24 00:08:54 -  - exec CUpdateClient::GetHTTPPage
2015-10-24 00:08:54 -  - TIME GetUpdatesList(request) 0.22 sec
2015-10-24 00:08:54 -  - exec CUpdateClient::ParseServerData
2015-10-24 00:10:09 -  - exec CUpdateClient::GetUpdatesList
2015-10-24 00:10:09 -  - exec CUpdateClient::CollectRequestData
2015-10-24 00:10:09 -  - LICENSE_KEY=X&lang=ru&SUPD_VER=15.5.1&VERSION=15.5.8&TYPENC=D&SUPD_STS=1&SUPD_URS=0&SUPD_URSA=1&SUPD_DBS=MYSQL&XE=N&CLIENT_SITE=www.zuweb.ru&CHHB=www.zuweb.ru&CSAB=37.140.192.194&CANGZIP=Y&CLIENT_PHPVER=5.6.7&stable=Y&rerere=Y&bitm_main=15.5.8&bitm_iblock=15.5.8&bitm_socialservices=15.5.2&bitm_perfmon=15.5.1&bitm_search=15.5.1&bitm_compression=14.0.0&bitm_bitrixcloud=15.5.0&bitm_seo=15.5.5&bitm_scale=14.5.2&bitm_fileman=15.5.2&bitm_translate=14.0.0&bitm_highloadblock=15.5.0&bitm_clouds=15.5.1&bitl_ru=&bitl_en=&bith_ru=&bith_en=&SUPD_SRS=RU&SUPD_CMP=N&SALE_15=Y
2015-10-24 00:10:09 -  - exec CUpdateClient::GetHTTPPage
2015-10-24 00:10:09 -  - TIME GetUpdatesList(request) 0.191 sec
2015-10-24 00:10:09 -  - exec CUpdateClient::ParseServerData
2015-10-24 00:10:09 -  - exec CUpdateClient::RegisterVersion
2015-10-24 00:10:09 -  - exec CUpdateClient::CollectRequestData
2015-10-24 00:10:09 -  - LICENSE_KEY=X&lang=ru&SUPD_VER=15.5.1&VERSION=15.5.8&TYPENC=D&SUPD_STS=1&SUPD_URS=0&SUPD_URSA=1&SUPD_DBS=MYSQL&XE=N&CLIENT_SITE=www.zuweb.ru&CHHB=www.zuweb.ru&CSAB=37.140.192.194&CANGZIP=Y&CLIENT_PHPVER=5.6.7&stable=Y&rerere=Y&bitm_main=15.5.8&bitm_iblock=15.5.8&bitm_socialservices=15.5.2&bitm_perfmon=15.5.1&bitm_search=15.5.1&bitm_compression=14.0.0&bitm_bitrixcloud=15.5.0&bitm_seo=15.5.5&bitm_scale=14.5.2&bitm_fileman=15.5.2&bitm_translate=14.0.0&bitm_highloadblock=15.5.0&bitm_clouds=15.5.1&bitl_ru=&bitl_en=&bith_ru=&bith_en=&SUPD_SRS=RU&SUPD_CMP=N&SALE_15=Y&query_type=register
2015-10-24 00:10:09 -  - exec CUpdateClient::GetHTTPPage
2015-10-24 00:10:10 -  - TIME RegisterVersion(request) 0.225 sec
2015-10-24 00:10:10 -  - exec CUpdateClient::UnGzipArchive
2015-10-24 00:10:10 -  - TIME UnGzipArchive 0.001 sec
2015-10-24 00:10:10 -  - exec CUpdateClient::ParseServerData
2015-10-24 00:10:10 - CURV - Product registered successfully!
2015-10-24 00:10:10 -  - Include repaired
2015-10-24 00:10:10 -  - exec CUpdateClient::GetUpdatesList
2015-10-24 00:10:10 -  - exec CUpdateClient::CollectRequestData
2015-10-24 00:10:10 -  - LICENSE_KEY=X&lang=ru&SUPD_VER=15.5.1&VERSION=15.5.8&TYPENC=E&SUPD_STS=1&SUPD_URS=0&SUPD_URSA=1&SUPD_DBS=MYSQL&XE=N&CLIENT_SITE=www.zuweb.ru&CHHB=www.zuweb.ru&CSAB=37.140.192.194&CANGZIP=Y&CLIENT_PHPVER=5.6.7&stable=Y&rerere=Y&bitm_main=15.5.8&bitm_iblock=15.5.8&bitm_socialservices=15.5.2&bitm_perfmon=15.5.1&bitm_search=15.5.1&bitm_compression=14.0.0&bitm_bitrixcloud=15.5.0&bitm_seo=15.5.5&bitm_scale=14.5.2&bitm_fileman=15.5.2&bitm_translate=14.0.0&bitm_highloadblock=15.5.0&bitm_clouds=15.5.1&bitl_ru=&bitl_en=&bith_ru=&bith_en=&SUPD_PIBC=0&SUPD_PUC=1&SUPD_PSC=1&SUPD_SRS=RU&SUPD_CMP=N&SALE_15=Y
2015-10-24 00:10:10 -  - exec CUpdateClient::GetHTTPPage
2015-10-24 00:10:10 -  - TIME GetUpdatesList(request) 0.256 sec
2015-10-24 00:10:10 -  - exec CUpdateClient::ParseServerData
2015-10-24 00:10:35 -  - exec CUpdateClient::GetUpdatesList
2015-10-24 00:10:35 -  - exec CUpdateClient::CollectRequestData
2015-10-24 00:10:35 -  - LICENSE_KEY=X&lang=ru&SUPD_VER=15.5.1&VERSION=15.5.8&TYPENC=E&SUPD_STS=1&SUPD_URS=0&SUPD_URSA=1&SUPD_DBS=MYSQL&XE=N&CLIENT_SITE=www.zuweb.ru&CHHB=www.zuweb.ru&CSAB=37.140.192.194&CANGZIP=Y&CLIENT_PHPVER=5.6.7&stable=Y&rerere=Y&bitm_main=15.5.8&bitm_iblock=15.5.8&bitm_socialservices=15.5.2&bitm_perfmon=15.5.1&bitm_search=15.5.1&bitm_compression=14.0.0&bitm_bitrixcloud=15.5.0&bitm_seo=15.5.5&bitm_scale=14.5.2&bitm_fileman=15.5.2&bitm_translate=14.0.0&bitm_highloadblock=15.5.0&bitm_clouds=15.5.1&bitl_ru=&bitl_en=&bith_ru=&bith_en=&SUPD_PIBC=0&SUPD_PUC=1&SUPD_PSC=1&SUPD_SRS=RU&SUPD_CMP=N&SALE_15=Y
2015-10-24 00:10:35 -  - exec CUpdateClient::GetHTTPPage
2015-10-24 00:10:35 -  - TIME GetUpdatesList(request) 0.194 sec
2015-10-24 00:10:35 -  - exec CUpdateClient::ParseServerData
2015-10-24 00:11:17 -  - exec CUpdateClient::GetUpdatesList
2015-10-24 00:11:17 -  - exec CUpdateClient::CollectRequestData
2015-10-24 00:11:17 -  - LICENSE_KEY=X&lang=ru&SUPD_VER=15.5.1&VERSION=15.5.8&TYPENC=E&SUPD_STS=1&SUPD_URS=0&SUPD_URSA=1&SUPD_DBS=MYSQL&XE=N&CLIENT_SITE=www.zuweb.ru&CHHB=www.zuweb.ru&CSAB=37.140.192.194&CANGZIP=Y&CLIENT_PHPVER=5.6.7&stable=Y&rerere=Y&bitm_main=15.5.8&bitm_iblock=15.5.8&bitm_socialservices=15.5.2&bitm_perfmon=15.5.1&bitm_search=15.5.1&bitm_compression=14.0.0&bitm_bitrixcloud=15.5.0&bitm_seo=15.5.5&bitm_scale=14.5.2&bitm_fileman=15.5.2&bitm_translate=14.0.0&bitm_highloadblock=15.5.0&bitm_clouds=15.5.1&bitl_ru=&bitl_en=&bith_ru=&bith_en=&SUPD_PIBC=0&SUPD_PUC=1&SUPD_PSC=1&SUPD_SRS=RU&SUPD_CMP=N&SALE_15=Y
2015-10-24 00:11:17 -  - exec CUpdateClient::GetHTTPPage
2015-10-24 00:11:17 -  - TIME GetUpdatesList(request) 0.204 sec
2015-10-24 00:11:17 -  - exec CUpdateClient::ParseServerData
2015-10-24 00:11:21 -  - exec CUpdateClient::GetUpdatesList
2015-10-24 00:11:21 -  - exec CUpdateClient::CollectRequestData
2015-10-24 00:11:21 -  - LICENSE_KEY=X&lang=ru&SUPD_VER=15.5.1&VERSION=15.5.8&TYPENC=E&SUPD_STS=1&SUPD_URS=0&SUPD_URSA=1&SUPD_DBS=MYSQL&XE=N&CLIENT_SITE=www.zuweb.ru&CHHB=www.zuweb.ru&CSAB=37.140.192.194&CANGZIP=Y&CLIENT_PHPVER=5.6.7&stable=Y&rerere=Y&bitm_main=15.5.8&bitm_iblock=15.5.8&bitm_socialservices=15.5.2&bitm_perfmon=15.5.1&bitm_search=15.5.1&bitm_compression=14.0.0&bitm_bitrixcloud=15.5.0&bitm_seo=15.5.5&bitm_scale=14.5.2&bitm_fileman=15.5.2&bitm_translate=14.0.0&bitm_highloadblock=15.5.0&bitm_clouds=15.5.1&bitl_ru=&bitl_en=&bith_ru=&bith_en=&SUPD_PIBC=0&SUPD_PUC=1&SUPD_PSC=1&SUPD_SRS=RU&SUPD_CMP=N&SALE_15=Y
2015-10-24 00:11:21 -  - exec CUpdateClient::GetHTTPPage
2015-10-24 00:11:21 -  - TIME GetUpdatesList(request) 0.261 sec
2015-10-24 00:11:21 -  - exec CUpdateClient::ParseServerData
2015-10-24 00:12:08 -  - exec CUpdateClient::GetUpdatesList
2015-10-24 00:12:08 -  - exec CUpdateClient::CollectRequestData
2015-10-24 00:12:08 -  - LICENSE_KEY=X&lang=ru&SUPD_VER=15.5.1&VERSION=15.5.8&TYPENC=E&SUPD_STS=1&SUPD_URS=0&SUPD_URSA=1&SUPD_DBS=MYSQL&XE=N&CLIENT_SITE=www.zuweb.ru&CHHB=www.zuweb.ru&CSAB=37.140.192.194&CANGZIP=Y&CLIENT_PHPVER=5.6.7&stable=Y&rerere=Y&bitm_main=15.5.8&bitm_iblock=15.5.8&bitm_perfmon=15.5.1&bitm_search=15.5.1&bitm_compression=14.0.0&bitm_bitrixcloud=15.5.0&bitm_seo=15.5.5&bitm_scale=14.5.2&bitm_fileman=15.5.2&bitm_translate=14.0.0&bitm_highloadblock=15.5.0&bitm_clouds=15.5.1&bitl_ru=&bitl_en=&bith_ru=&bith_en=&SUPD_PIBC=0&SUPD_PUC=1&SUPD_PSC=1&SUPD_SRS=RU&SUPD_CMP=N&SALE_15=Y
2015-10-24 00:12:08 -  - exec CUpdateClient::GetHTTPPage
2015-10-24 00:12:08 -  - TIME GetUpdatesList(request) 0.203 sec
2015-10-24 00:12:08 -  - exec CUpdateClient::ParseServerData
2015-10-24 00:22:06 -  - exec CUpdateClient::GetUpdatesList
2015-10-24 00:22:06 -  - exec CUpdateClient::CollectRequestData
2015-10-24 00:22:06 -  - LICENSE_KEY=X&lang=ru&SUPD_VER=15.5.1&VERSION=15.5.8&TYPENC=E&SUPD_STS=1&SUPD_URS=0&SUPD_URSA=1&SUPD_DBS=MYSQL&XE=N&CLIENT_SITE=www.zuweb.ru&CHHB=www.zuweb.ru&CSAB=37.140.192.194&CANGZIP=Y&CLIENT_PHPVER=5.6.7&stable=Y&rerere=Y&bitm_main=15.5.8&bitm_iblock=15.5.8&bitm_search=15.5.1&bitm_compression=14.0.0&bitm_bitrixcloud=15.5.0&bitm_seo=15.5.5&bitm_scale=14.5.2&bitm_fileman=15.5.2&bitm_translate=14.0.0&bitm_highloadblock=15.5.0&bitm_clouds=15.5.1&bitl_ru=&bitl_en=&bith_ru=&bith_en=&SUPD_PIBC=0&SUPD_PUC=1&SUPD_PSC=1&SUPD_SRS=RU&SUPD_CMP=N&SALE_15=Y
2015-10-24 00:22:06 -  - exec CUpdateClient::GetHTTPPage
2015-10-24 00:22:06 -  - TIME GetUpdatesList(request) 0.194 sec
2015-10-24 00:22:06 -  - exec CUpdateClient::ParseServerData
2015-10-24 00:23:18 -  - exec CUpdateClient::GetUpdatesList
2015-10-24 00:23:18 -  - exec CUpdateClient::CollectRequestData
2015-10-24 00:23:18 -  - LICENSE_KEY=X&lang=ru&SUPD_VER=15.5.1&VERSION=15.5.8&TYPENC=E&SUPD_STS=1&SUPD_URS=0&SUPD_URSA=1&SUPD_DBS=MYSQL&XE=N&CLIENT_SITE=www.zuweb.ru&CHHB=www.zuweb.ru&CSAB=37.140.192.194&CANGZIP=Y&CLIENT_PHPVER=5.6.7&stable=Y&rerere=Y&bitm_main=15.5.8&bitm_iblock=15.5.8&bitm_compression=14.0.0&bitm_bitrixcloud=15.5.0&bitm_seo=15.5.5&bitm_scale=14.5.2&bitm_fileman=15.5.2&bitm_translate=14.0.0&bitm_highloadblock=15.5.0&bitm_clouds=15.5.1&bitl_ru=&bitl_en=&bith_ru=&bith_en=&SUPD_PIBC=0&SUPD_PUC=1&SUPD_PSC=1&SUPD_SRS=RU&SUPD_CMP=N&SALE_15=Y
2015-10-24 00:23:18 -  - exec CUpdateClient::GetHTTPPage
2015-10-24 00:23:19 -  - TIME GetUpdatesList(request) 0.194 sec
2015-10-24 00:23:19 -  - exec CUpdateClient::ParseServerData
2015-10-24 00:24:12 -  - exec CUpdateClient::GetUpdatesList
2015-10-24 00:24:12 -  - exec CUpdateClient::CollectRequestData
2015-10-24 00:24:12 -  - LICENSE_KEY=X&lang=ru&SUPD_VER=15.5.1&VERSION=15.5.8&TYPENC=E&SUPD_STS=1&SUPD_URS=0&SUPD_URSA=1&SUPD_DBS=MYSQL&XE=N&CLIENT_SITE=www.zuweb.ru&CHHB=www.zuweb.ru&CSAB=37.140.192.194&CANGZIP=Y&CLIENT_PHPVER=5.6.7&stable=Y&rerere=Y&bitm_main=15.5.8&bitm_iblock=15.5.8&bitm_compression=14.0.0&bitm_seo=15.5.5&bitm_scale=14.5.2&bitm_fileman=15.5.2&bitm_translate=14.0.0&bitm_highloadblock=15.5.0&bitm_clouds=15.5.1&bitl_ru=&bitl_en=&bith_ru=&bith_en=&SUPD_PIBC=0&SUPD_PUC=1&SUPD_PSC=1&SUPD_SRS=RU&SUPD_CMP=N&SALE_15=Y
2015-10-24 00:24:12 -  - exec CUpdateClient::GetHTTPPage
2015-10-24 00:24:12 -  - TIME GetUpdatesList(request) 0.199 sec
2015-10-24 00:24:12 -  - exec CUpdateClient::ParseServerData
2015-10-24 00:24:55 -  - exec CUpdateClient::GetUpdatesList
2015-10-24 00:24:55 -  - exec CUpdateClient::CollectRequestData
2015-10-24 00:24:55 -  - LICENSE_KEY=X&lang=ru&SUPD_VER=15.5.1&VERSION=15.5.8&TYPENC=E&SUPD_STS=1&SUPD_URS=0&SUPD_URSA=1&SUPD_DBS=MYSQL&XE=N&CLIENT_SITE=www.zuweb.ru&CHHB=www.zuweb.ru&CSAB=37.140.192.194&CANGZIP=Y&CLIENT_PHPVER=5.6.7&stable=Y&rerere=Y&bitm_main=15.5.8&bitm_iblock=15.5.8&bitm_compression=14.0.0&bitm_scale=14.5.2&bitm_fileman=15.5.2&bitm_translate=14.0.0&bitm_highloadblock=15.5.0&bitm_clouds=15.5.1&bitl_ru=&bitl_en=&bith_ru=&bith_en=&SUPD_PIBC=0&SUPD_PUC=1&SUPD_PSC=1&SUPD_SRS=RU&SUPD_CMP=N&SALE_15=Y
2015-10-24 00:24:55 -  - exec CUpdateClient::GetHTTPPage
2015-10-24 00:24:55 -  - TIME GetUpdatesList(request) 0.195 sec
2015-10-24 00:24:55 -  - exec CUpdateClient::ParseServerData
2015-10-24 00:25:55 -  - exec CUpdateClient::GetUpdatesList
2015-10-24 00:25:55 -  - exec CUpdateClient::CollectRequestData
2015-10-24 00:25:55 -  - LICENSE_KEY=X&lang=ru&SUPD_VER=15.5.1&VERSION=15.5.8&TYPENC=E&SUPD_STS=1&SUPD_URS=0&SUPD_URSA=1&SUPD_DBS=MYSQL&XE=N&CLIENT_SITE=www.zuweb.ru&CHHB=www.zuweb.ru&CSAB=37.140.192.194&CANGZIP=Y&CLIENT_PHPVER=5.6.7&stable=Y&rerere=Y&bitm_main=15.5.8&bitm_iblock=15.5.8&bitm_compression=14.0.0&bitm_fileman=15.5.2&bitm_translate=14.0.0&bitm_highloadblock=15.5.0&bitm_clouds=15.5.1&bitl_ru=&bitl_en=&bith_ru=&bith_en=&SUPD_PIBC=0&SUPD_PUC=1&SUPD_PSC=1&SUPD_SRS=RU&SUPD_CMP=N&SALE_15=Y
2015-10-24 00:25:55 -  - exec CUpdateClient::GetHTTPPage
2015-10-24 00:25:55 -  - TIME GetUpdatesList(request) 0.181 sec
2015-10-24 00:25:55 -  - exec CUpdateClient::ParseServerData
2015-10-24 00:26:32 -  - exec CUpdateClient::GetUpdatesList
2015-10-24 00:26:32 -  - exec CUpdateClient::CollectRequestData
2015-10-24 00:26:32 -  - LICENSE_KEY=X&lang=ru&SUPD_VER=15.5.1&VERSION=15.5.8&TYPENC=E&SUPD_STS=1&SUPD_URS=0&SUPD_URSA=1&SUPD_DBS=MYSQL&XE=N&CLIENT_SITE=www.zuweb.ru&CHHB=www.zuweb.ru&CSAB=37.140.192.194&CANGZIP=Y&CLIENT_PHPVER=5.6.7&stable=Y&rerere=Y&bitm_main=15.5.8&bitm_iblock=15.5.8&bitm_compression=14.0.0&bitm_fileman=15.5.2&bitm_highloadblock=15.5.0&bitm_clouds=15.5.1&bitl_ru=&bitl_en=&bith_ru=&bith_en=&SUPD_PIBC=0&SUPD_PUC=1&SUPD_PSC=1&SUPD_SRS=RU&SUPD_CMP=N&SALE_15=Y
2015-10-24 00:26:32 -  - exec CUpdateClient::GetHTTPPage
2015-10-24 00:26:32 -  - TIME GetUpdatesList(request) 0.186 sec
2015-10-24 00:26:32 -  - exec CUpdateClient::ParseServerData
2015-10-24 00:27:14 -  - exec CUpdateClient::GetUpdatesList
2015-10-24 00:27:14 -  - exec CUpdateClient::CollectRequestData
2015-10-24 00:27:14 -  - LICENSE_KEY=X&lang=ru&SUPD_VER=15.5.1&VERSION=15.5.8&TYPENC=E&SUPD_STS=1&SUPD_URS=0&SUPD_URSA=1&SUPD_DBS=MYSQL&XE=N&CLIENT_SITE=www.zuweb.ru&CHHB=www.zuweb.ru&CSAB=37.140.192.194&CANGZIP=Y&CLIENT_PHPVER=5.6.7&stable=Y&rerere=Y&bitm_main=15.5.8&bitm_iblock=15.5.8&bitm_compression=14.0.0&bitm_fileman=15.5.2&bitm_clouds=15.5.1&bitl_ru=&bitl_en=&bith_ru=&bith_en=&SUPD_PIBC=0&SUPD_PUC=1&SUPD_PSC=1&SUPD_SRS=RU&SUPD_CMP=N&SALE_15=Y
2015-10-24 00:27:14 -  - exec CUpdateClient::GetHTTPPage
2015-10-24 00:27:14 -  - TIME GetUpdatesList(request) 0.195 sec
2015-10-24 00:27:14 -  - exec CUpdateClient::ParseServerData
2015-10-24 00:27:52 -  - exec CUpdateClient::GetUpdatesList
2015-10-24 00:27:52 -  - exec CUpdateClient::CollectRequestData
2015-10-24 00:27:52 -  - LICENSE_KEY=X&lang=ru&SUPD_VER=15.5.1&VERSION=15.5.8&TYPENC=E&SUPD_STS=1&SUPD_URS=0&SUPD_URSA=1&SUPD_DBS=MYSQL&XE=N&CLIENT_SITE=www.zuweb.ru&CHHB=www.zuweb.ru&CSAB=37.140.192.194&CANGZIP=Y&CLIENT_PHPVER=5.6.7&stable=Y&rerere=Y&bitm_main=15.5.8&bitm_iblock=15.5.8&bitm_compression=14.0.0&bitm_fileman=15.5.2&bitl_ru=&bitl_en=&bith_ru=&bith_en=&SUPD_PIBC=0&SUPD_PUC=1&SUPD_PSC=1&SUPD_SRS=RU&SUPD_CMP=N&SALE_15=Y
2015-10-24 00:27:52 -  - exec CUpdateClient::GetHTTPPage
2015-10-24 00:27:53 -  - TIME GetUpdatesList(request) 0.193 sec
2015-10-24 00:27:53 -  - exec CUpdateClient::ParseServerData
2015-10-24 00:28:07 -  - exec CUpdateClient::GetUpdatesList
2015-10-24 00:28:07 -  - exec CUpdateClient::CollectRequestData
2015-10-24 00:28:07 -  - LICENSE_KEY=X&lang=ru&SUPD_VER=15.5.1&VERSION=15.5.8&TYPENC=E&SUPD_STS=1&SUPD_URS=0&SUPD_URSA=1&SUPD_DBS=MYSQL&XE=N&CLIENT_SITE=www.zuweb.ru&CHHB=www.zuweb.ru&CSAB=37.140.192.194&CANGZIP=Y&CLIENT_PHPVER=5.6.7&stable=Y&rerere=Y&bitm_main=15.5.8&bitm_iblock=15.5.8&bitm_compression=14.0.0&bitm_fileman=15.5.2&bitl_ru=&bitl_en=&bith_ru=&bith_en=&SUPD_PIBC=0&SUPD_PUC=1&SUPD_PSC=1&SUPD_SRS=RU&SUPD_CMP=N&SALE_15=Y
2015-10-24 00:28:07 -  - exec CUpdateClient::GetHTTPPage
2015-10-24 00:28:07 -  - TIME GetUpdatesList(request) 0.199 sec
2015-10-24 00:28:07 -  - exec CUpdateClient::ParseServerData
2015-10-24 14:16:02 -  - exec CUpdateClient::GetUpdatesList
2015-10-24 14:16:02 -  - exec CUpdateClient::CollectRequestData
2015-10-24 14:16:02 -  - LICENSE_KEY=X&lang=ru&SUPD_VER=15.5.1&VERSION=15.5.8&TYPENC=E&SUPD_STS=1&SUPD_URS=0&SUPD_URSA=1&SUPD_DBS=MYSQL&XE=N&CLIENT_SITE=www.zuweb.ru&CHHB=www.zuweb.ru&CSAB=37.140.192.194&CANGZIP=Y&CLIENT_PHPVER=5.6.7&stable=Y&rerere=Y&bitm_main=15.5.8&bitm_iblock=15.5.8&bitm_compression=14.0.0&bitm_fileman=15.5.2&bitl_ru=&bitl_en=&bith_ru=&bith_en=&SUPD_PIBC=0&SUPD_PUC=1&SUPD_PSC=1&SUPD_SRS=RU&SUPD_CMP=Y&SALE_15=Y
2015-10-24 14:16:02 -  - exec CUpdateClient::GetHTTPPage
2015-10-24 14:16:02 -  - TIME GetUpdatesList(request) 0.29 sec
2015-10-24 14:16:02 -  - exec CUpdateClient::ParseServerData
2015-10-27 11:39:20 -  - exec CUpdateClient::GetUpdatesList
2015-10-27 11:39:20 -  - exec CUpdateClient::CollectRequestData
2015-10-27 11:39:20 -  - LICENSE_KEY=X&lang=ru&SUPD_VER=15.5.1&VERSION=15.5.8&TYPENC=E&SUPD_STS=1&SUPD_URS=0&SUPD_URSA=1&SUPD_DBS=MYSQL&XE=N&CLIENT_SITE=www.zuweb.ru&CHHB=www.zuweb.ru&CSAB=37.140.192.194&CANGZIP=Y&CLIENT_PHPVER=5.6.7&stable=Y&rerere=Y&bitm_main=15.5.8&bitm_iblock=15.5.8&bitm_compression=14.0.0&bitm_fileman=15.5.2&bitl_ru=&bitl_en=&bith_ru=&bith_en=&SUPD_PIBC=0&SUPD_PUC=1&SUPD_PSC=1&SUPD_SRS=RU&SUPD_CMP=Y&SALE_15=Y
2015-10-27 11:39:20 -  - exec CUpdateClient::GetHTTPPage
2015-10-27 11:39:21 -  - TIME GetUpdatesList(request) 0.381 sec
2015-10-27 11:39:21 -  - exec CUpdateClient::ParseServerData
2015-10-27 11:39:26 -  - exec CUpdateClient::LoadModulesUpdates
2015-10-27 11:39:26 -  - exec CUpdateClient::CollectRequestData
2015-10-27 11:39:26 -  - LICENSE_KEY=X&lang=ru&SUPD_VER=15.5.1&VERSION=15.5.8&TYPENC=E&SUPD_STS=1&SUPD_URS=0&SUPD_URSA=1&SUPD_DBS=MYSQL&XE=N&CLIENT_SITE=www.zuweb.ru&CHHB=www.zuweb.ru&CSAB=37.140.192.194&CANGZIP=Y&CLIENT_PHPVER=5.6.7&stable=Y&rerere=Y&bitm_main=15.5.8&bitm_iblock=15.5.8&bitm_compression=14.0.0&bitm_fileman=15.5.2&bitl_ru=&bitl_en=&bith_ru=&bith_en=&requested_modules=main&SUPD_PIBC=0&SUPD_PUC=1&SUPD_PSC=1&SUPD_SRS=RU&SUPD_CMP=Y&SALE_15=Y
2015-10-27 11:39:26 -  - exec CUpdateClient::GetHTTPPage
2015-10-27 11:39:27 -  - TIME LoadModulesUpdates(request) 0.369 sec
2015-10-27 11:39:27 -  - exec CUpdateClient::ParseServerData
2015-10-27 11:39:27 - LMU01 - LoadModulesUpdates-Step
2015-10-27 11:39:27 -  - exec CUpdateClient::LoadModulesUpdates
2015-10-27 11:39:27 -  - exec CUpdateClient::CollectRequestData
2015-10-27 11:39:27 -  - exec CUpdateClient::ParseServerData
2015-10-27 11:39:28 - DOWNLOAD - Time - 0.95872092247009 sec
2015-10-27 11:39:28 -  - exec CUpdateClient::UnGzipArchive
2015-10-27 11:39:28 -  - TIME UnGzipArchive 0.079 sec
2015-10-27 11:39:28 - CSURUS1 - Run updater '/bitrix/updates/update_m1445931568/main/updater15.5.9.php'
2015-10-27 11:39:28 - CRUPDCF1 - Run updater '/bitrix/updates/update_m1445931568/main/updater15.5.9.php': CopyFiles(install/components, components)
2015-10-27 11:39:28 - CRUPDCF1 - Run updater '/bitrix/updates/update_m1445931568/main/updater15.5.9.php': CopyFiles(install/js, js)
2015-10-27 11:39:29 - CRUPDCDF2 - Run updater '/bitrix/updates/update_m1445931568/main/updater15.5.9.php': Query(alter table b_module_to_module
			MODIFY COLUMN MESSAGE_ID VARCHAR(255) not null,
			MODIFY COLUMN TO_CLASS VARCHAR(255),
			MODIFY COLUMN TO_METHOD VARCHAR(255)
		, )
2015-10-27 11:39:29 - CRUPDCDF2 - Run updater '/bitrix/updates/update_m1445931568/main/updater15.5.9.php': Query(CREATE INDEX ix_buc_code ON b_user_counter(CODE), )
2015-10-27 11:39:29 -  - TIME UpdateStepModules 1.126 sec
2015-10-27 11:39:29 - UPD_SUCCESS - Updated: main (15.5.9)<br><li>Исправлен ряд интерфейсных ошибок. 
2015-10-27 11:39:29 -  - exec CUpdateClient::LoadModulesUpdates
2015-10-27 11:39:29 -  - exec CUpdateClient::CollectRequestData
2015-10-27 11:39:29 -  - LICENSE_KEY=X&lang=ru&SUPD_VER=15.5.1&VERSION=15.5.9&TYPENC=E&SUPD_STS=1&SUPD_URS=0&SUPD_URSA=1&SUPD_DBS=MYSQL&XE=N&CLIENT_SITE=www.zuweb.ru&CHHB=www.zuweb.ru&CSAB=37.140.192.194&CANGZIP=Y&CLIENT_PHPVER=5.6.7&stable=Y&rerere=Y&bitm_main=15.5.9&bitm_iblock=15.5.8&bitm_compression=14.0.0&bitm_fileman=15.5.2&bitl_ru=&bitl_en=&bith_ru=&bith_en=&requested_modules=main&SUPD_PIBC=0&SUPD_PUC=1&SUPD_PSC=1&SUPD_SRS=RU&SUPD_CMP=Y&SALE_15=Y
2015-10-27 11:39:29 -  - exec CUpdateClient::GetHTTPPage
2015-10-27 11:39:30 -  - TIME LoadModulesUpdates(request) 0.347 sec
2015-10-27 11:39:30 -  - exec CUpdateClient::ParseServerData
2015-10-27 11:39:30 - STEP - Finish - NOUPDATES
2015-10-27 11:39:30 - STEP - Finish - NOUPDATES
2015-10-27 11:39:36 -  - exec CUpdateClient::GetUpdatesList
2015-10-27 11:39:36 -  - exec CUpdateClient::CollectRequestData
2015-10-27 11:39:36 -  - LICENSE_KEY=X&lang=ru&SUPD_VER=15.5.1&VERSION=15.5.9&TYPENC=E&SUPD_STS=1&SUPD_URS=0&SUPD_URSA=1&SUPD_DBS=MYSQL&XE=N&CLIENT_SITE=www.zuweb.ru&CHHB=www.zuweb.ru&CSAB=37.140.192.194&CANGZIP=Y&CLIENT_PHPVER=5.6.7&stable=Y&rerere=Y&bitm_main=15.5.9&bitm_iblock=15.5.8&bitm_compression=14.0.0&bitm_fileman=15.5.2&bitl_ru=&bitl_en=&bith_ru=&bith_en=&SUPD_PIBC=0&SUPD_PUC=1&SUPD_PSC=1&SUPD_SRS=RU&SUPD_CMP=Y&SALE_15=Y
2015-10-27 11:39:36 -  - exec CUpdateClient::GetHTTPPage
2015-10-27 11:39:36 -  - TIME GetUpdatesList(request) 0.343 sec
2015-10-27 11:39:36 -  - exec CUpdateClient::ParseServerData
2015-10-29 15:30:31 -  - exec CUpdateClient::GetUpdatesList
2015-10-29 15:30:31 -  - exec CUpdateClient::CollectRequestData
2015-10-29 15:30:31 -  - LICENSE_KEY=X&lang=ru&SUPD_VER=15.5.1&VERSION=15.5.9&TYPENC=E&SUPD_STS=1&SUPD_URS=0&SUPD_URSA=1&SUPD_DBS=MYSQL&XE=N&CLIENT_SITE=www.zuweb.ru&CHHB=www.zuweb.ru&CSAB=37.140.192.194&CANGZIP=Y&CLIENT_PHPVER=5.6.7&stable=Y&rerere=Y&bitm_main=15.5.9&bitm_iblock=15.5.8&bitm_compression=14.0.0&bitm_fileman=15.5.2&bitl_ru=&bitl_en=&bith_ru=&bith_en=&SUPD_PIBC=0&SUPD_PUC=1&SUPD_PSC=1&SUPD_SRS=RU&SUPD_CMP=Y&SALE_15=Y
2015-10-29 15:30:31 -  - exec CUpdateClient::GetHTTPPage
2015-10-29 15:30:31 -  - TIME GetUpdatesList(request) 0.295 sec
2015-10-29 15:30:31 -  - exec CUpdateClient::ParseServerData
2015-10-30 08:47:51 -  - exec CUpdateClient::GetUpdatesList
2015-10-30 08:47:51 -  - exec CUpdateClient::CollectRequestData
2015-10-30 08:47:51 -  - LICENSE_KEY=X&lang=ru&SUPD_VER=15.5.1&VERSION=15.5.9&TYPENC=E&SUPD_STS=1&SUPD_URS=0&SUPD_URSA=1&SUPD_DBS=MYSQL&XE=N&CLIENT_SITE=www.zuweb.ru&CHHB=www.zuweb.ru&CSAB=37.140.192.194&CANGZIP=Y&CLIENT_PHPVER=5.6.14&stable=Y&rerere=Y&bitm_main=15.5.9&bitm_iblock=15.5.8&bitm_compression=14.0.0&bitm_fileman=15.5.2&bitl_ru=&bitl_en=&bith_ru=&bith_en=&SUPD_PIBC=0&SUPD_PUC=1&SUPD_PSC=1&SUPD_SRS=RU&SUPD_CMP=Y&SALE_15=Y
2015-10-30 08:47:51 -  - exec CUpdateClient::GetHTTPPage
2015-10-30 08:47:51 -  - TIME GetUpdatesList(request) 0.242 sec
2015-10-30 08:47:51 -  - exec CUpdateClient::ParseServerData
2015-10-30 08:47:54 -  - exec CUpdateClient::GetUpdatesList
2015-10-30 08:47:54 -  - exec CUpdateClient::CollectRequestData
2015-10-30 08:47:54 -  - LICENSE_KEY=X&lang=ru&SUPD_VER=15.5.1&VERSION=15.5.9&TYPENC=E&SUPD_STS=1&SUPD_URS=0&SUPD_URSA=1&SUPD_DBS=MYSQL&XE=N&CLIENT_SITE=www.zuweb.ru&CHHB=www.zuweb.ru&CSAB=37.140.192.194&CANGZIP=Y&CLIENT_PHPVER=5.6.14&stable=Y&rerere=Y&bitm_main=15.5.9&bitm_iblock=15.5.8&bitm_compression=14.0.0&bitm_fileman=15.5.2&bitl_ru=&bitl_en=&bith_ru=&bith_en=&SUPD_PIBC=0&SUPD_PUC=1&SUPD_PSC=1&SUPD_SRS=RU&SUPD_CMP=Y&SALE_15=Y
2015-10-30 08:47:54 -  - exec CUpdateClient::GetHTTPPage
2015-10-30 08:47:54 -  - TIME GetUpdatesList(request) 0.197 sec
2015-10-30 08:47:54 -  - exec CUpdateClient::ParseServerData
2015-11-03 10:13:58 -  - exec CUpdateClient::GetUpdatesList
2015-11-03 10:13:58 -  - exec CUpdateClient::CollectRequestData
2015-11-03 10:13:58 -  - LICENSE_KEY=X&lang=ru&SUPD_VER=15.5.1&VERSION=15.5.9&TYPENC=E&SUPD_STS=1&SUPD_URS=0&SUPD_URSA=1&SUPD_DBS=MYSQL&XE=N&CLIENT_SITE=www.zuweb.ru&CHHB=www.zuweb.ru&CSAB=37.140.192.194&CANGZIP=Y&CLIENT_PHPVER=5.6.14&stable=Y&rerere=Y&bitm_main=15.5.9&bitm_iblock=15.5.8&bitm_compression=14.0.0&bitm_fileman=15.5.2&bitl_ru=&bitl_en=&bith_ru=&bith_en=&SUPD_PIBC=0&SUPD_PUC=1&SUPD_PSC=1&SUPD_SRS=RU&SUPD_CMP=Y&SALE_15=Y
2015-11-03 10:13:58 -  - exec CUpdateClient::GetHTTPPage
2015-11-03 10:13:58 -  - TIME GetUpdatesList(request) 0.233 sec
2015-11-03 10:13:58 -  - exec CUpdateClient::ParseServerData
2015-11-04 00:59:48 -  - exec CUpdateClient::GetUpdatesList
2015-11-04 00:59:48 -  - exec CUpdateClient::CollectRequestData
2015-11-04 00:59:48 -  - LICENSE_KEY=X&lang=ru&SUPD_VER=15.5.1&VERSION=15.5.9&TYPENC=E&SUPD_STS=1&SUPD_URS=0&SUPD_URSA=1&SUPD_DBS=MYSQL&XE=N&CLIENT_SITE=www.zuweb.ru&CHHB=www.zuweb.ru&CSAB=37.140.192.194&CANGZIP=Y&CLIENT_PHPVER=5.6.14&stable=Y&rerere=Y&bitm_main=15.5.9&bitm_iblock=15.5.8&bitm_compression=14.0.0&bitm_fileman=15.5.2&bitl_ru=&bitl_en=&bith_ru=&bith_en=&SUPD_PIBC=0&SUPD_PUC=1&SUPD_PSC=1&SUPD_SRS=RU&SUPD_CMP=Y&SALE_15=Y
2015-11-04 00:59:48 -  - exec CUpdateClient::GetHTTPPage
2015-11-04 00:59:48 -  - TIME GetUpdatesList(request) 0.262 sec
2015-11-04 00:59:48 -  - exec CUpdateClient::ParseServerData
2015-11-05 16:28:50 -  - exec CUpdateClient::GetUpdatesList
2015-11-05 16:28:50 -  - exec CUpdateClient::CollectRequestData
2015-11-05 16:28:50 -  - LICENSE_KEY=X&lang=ru&SUPD_VER=15.5.1&VERSION=15.5.9&TYPENC=E&SUPD_STS=1&SUPD_URS=0&SUPD_URSA=1&SUPD_DBS=MYSQL&XE=N&CLIENT_SITE=www.zuweb.ru&CHHB=www.zuweb.ru&CSAB=37.140.192.194&CANGZIP=Y&CLIENT_PHPVER=5.6.14&stable=Y&rerere=Y&bitm_main=15.5.9&bitm_iblock=15.5.8&bitm_compression=14.0.0&bitm_fileman=15.5.2&bitl_ru=&bitl_en=&bith_ru=&bith_en=&SUPD_PIBC=0&SUPD_PUC=1&SUPD_PSC=1&SUPD_SRS=RU&SUPD_CMP=Y&SALE_15=Y
2015-11-05 16:28:50 -  - exec CUpdateClient::GetHTTPPage
2015-11-05 16:28:50 -  - TIME GetUpdatesList(request) 0.359 sec
2015-11-05 16:28:50 -  - exec CUpdateClient::ParseServerData
2015-11-05 16:28:53 -  - exec CUpdateClient::GetUpdatesList
2015-11-05 16:28:53 -  - exec CUpdateClient::CollectRequestData
2015-11-05 16:28:53 -  - LICENSE_KEY=X&lang=ru&SUPD_VER=15.5.1&VERSION=15.5.9&TYPENC=E&SUPD_STS=1&SUPD_URS=0&SUPD_URSA=1&SUPD_DBS=MYSQL&XE=N&CLIENT_SITE=www.zuweb.ru&CHHB=www.zuweb.ru&CSAB=37.140.192.194&CANGZIP=Y&CLIENT_PHPVER=5.6.14&stable=Y&rerere=Y&bitm_main=15.5.9&bitm_iblock=15.5.8&bitm_compression=14.0.0&bitm_fileman=15.5.2&bitl_ru=&bitl_en=&bith_ru=&bith_en=&SUPD_PIBC=0&SUPD_PUC=1&SUPD_PSC=1&SUPD_SRS=RU&SUPD_CMP=Y&SALE_15=Y
2015-11-05 16:28:53 -  - exec CUpdateClient::GetHTTPPage
2015-11-05 16:28:53 -  - TIME GetUpdatesList(request) 0.196 sec
2015-11-05 16:28:53 -  - exec CUpdateClient::ParseServerData
